2020-06-29 14:36:48 INFO  RequestMappingHandlerMapping:544 -Mapped "{[/cart/{cartId}],methods=[GET]}" onto public java.lang.String com.packt.webstore.controller.CartController.getCart(java.lang.String,org.springframework.ui.Model)
2020-06-29 14:36:48 INFO  RequestMappingHandlerMapping:544 -Mapped "{[/cart]}" onto public java.lang.String com.packt.webstore.controller.CartController.get(javax.servlet.http.HttpServletRequest)
2020-06-29 14:36:48 INFO  RequestMappingHandlerMapping:544 -Mapped "{[/rest/cart/remove/{productId}],methods=[PUT]}" onto public void com.packt.webstore.controller.CartRestController.removeItem(java.lang.String,javax.servlet.http.HttpSession)
2020-06-29 14:36:48 INFO  RequestMappingHandlerMapping:544 -Mapped "{[/rest/cart/add/{productId}],methods=[PUT]}" onto public void com.packt.webstore.controller.CartRestController.addItem(java.lang.String,javax.servlet.http.HttpSession)
2020-06-29 14:36:48 INFO  RequestMappingHandlerMapping:544 -Mapped "{[/rest/cart/{cartId}],methods=[PUT]}" onto public void com.packt.webstore.controller.CartRestController.update(java.lang.String,com.packt.webstore.dto.CartDto)
2020-06-29 14:36:48 INFO  RequestMappingHandlerMapping:544 -Mapped "{[/rest/cart/{cartId}],methods=[GET]}" onto public com.packt.webstore.domain.Cart com.packt.webstore.controller.CartRestController.read(java.lang.String)
2020-06-29 14:36:48 INFO  RequestMappingHandlerMapping:544 -Mapped "{[/rest/cart/{cartId}],methods=[DELETE]}" onto public void com.packt.webstore.controller.CartRestController.delete(java.lang.String)
2020-06-29 14:36:48 INFO  RequestMappingHandlerMapping:544 -Mapped "{[/rest/cart],methods=[POST]}" onto public void com.packt.webstore.controller.CartRestController.create(com.packt.webstore.dto.CartDto)
2020-06-29 14:36:48 INFO  RequestMappingHandlerMapping:544 -Mapped "{[/customers]}" onto public java.lang.String com.packt.webstore.controller.CustomerController.getAllCustomers(org.springframework.ui.Model)
2020-06-29 14:36:48 INFO  RequestMappingHandlerMapping:544 -Mapped "{[/customers/add],methods=[GET]}" onto public java.lang.String com.packt.webstore.controller.CustomerController.getAddCustomerForm(com.packt.webstore.Domain.Customer)
2020-06-29 14:36:48 INFO  RequestMappingHandlerMapping:544 -Mapped "{[/customers/add]}" onto public java.lang.String com.packt.webstore.controller.CustomerController.processAddCustomerForm(com.packt.webstore.Domain.Customer)
2020-06-29 14:36:48 INFO  RequestMappingHandlerMapping:544 -Mapped "{[/welcome/greeting]}" onto public java.lang.String com.packt.webstore.controller.HomeController.greeting()
2020-06-29 14:36:48 INFO  RequestMappingHandlerMapping:544 -Mapped "{[/]}" onto public java.lang.String com.packt.webstore.controller.HomeController.Welcome(org.springframework.ui.Model)
2020-06-29 14:36:48 INFO  RequestMappingHandlerMapping:544 -Mapped "{[/login],methods=[GET]}" onto public java.lang.String com.packt.webstore.controller.LoginController.login()
2020-06-29 14:36:48 INFO  RequestMappingHandlerMapping:544 -Mapped "{[/market/products/invalidPromoCode]}" onto public java.lang.String com.packt.webstore.controller.ProductController.invalidPromoCode()
2020-06-29 14:36:48 INFO  RequestMappingHandlerMapping:544 -Mapped "{[/market/update/stock]}" onto public java.lang.String com.packt.webstore.controller.ProductController.updateStock(org.springframework.ui.Model)
2020-06-29 14:36:48 INFO  RequestMappingHandlerMapping:544 -Mapped "{[/market/products/{category}]}" onto public java.lang.String com.packt.webstore.controller.ProductController.getProductsByCategory(org.springframework.ui.Model,java.lang.String)
2020-06-29 14:36:48 INFO  RequestMappingHandlerMapping:544 -Mapped "{[/market/products/filter/{params}]}" onto public java.lang.String com.packt.webstore.controller.ProductController.getProductsByFilter(java.util.Map<java.lang.String, java.util.List<java.lang.String>>,org.springframework.ui.Model)
2020-06-29 14:36:48 INFO  RequestMappingHandlerMapping:544 -Mapped "{[/market/product]}" onto public java.lang.String com.packt.webstore.controller.ProductController.getProductById(java.lang.String,org.springframework.ui.Model)
2020-06-29 14:36:48 INFO  RequestMappingHandlerMapping:544 -Mapped "{[/market/products/add],methods=[GET]}" onto public java.lang.String com.packt.webstore.controller.ProductController.getAddNewProductForm(org.springframework.ui.Model)
2020-06-29 14:36:48 INFO  RequestMappingHandlerMapping:544 -Mapped "{[/market/products/add],methods=[POST]}" onto public java.lang.String com.packt.webstore.controller.ProductController.processAddNewProductForm(com.packt.webstore.domain.Product,org.springframework.validation.BindingResult,javax.servlet.http.HttpServletRequest)
2020-06-29 14:36:48 INFO  RequestMappingHandlerMapping:544 -Mapped "{[/market/products]}" onto public java.lang.String com.packt.webstore.controller.ProductController.list(org.springframework.ui.Model)
2020-06-29 14:36:48 INFO  SimpleUrlHandlerMapping:364 -Mapped URL path [/assets/**] onto handler of type [class org.springframework.web.servlet.resource.ResourceHttpRequestHandler]
2020-06-29 14:36:48 INFO  SimpleUrlHandlerMapping:364 -Mapped URL path [/**] onto handler of type [class org.springframework.web.servlet.resource.DefaultServletHttpRequestHandler]
2020-06-29 14:36:48 INFO  RequestMappingHandlerAdapter:557 -Looking for @ControllerAdvice: WebApplicationContext for namespace 'dispatcher-servlet': startup date [Mon Jun 29 14:36:48 EAT 2020]; parent: Root WebApplicationContext
2020-06-29 14:36:48 INFO  DispatcherServlet:508 -FrameworkServlet 'dispatcher': initialization completed in 660 ms
2020-06-29 14:36:49 INFO  ProcessingTimeLogInterceptor:28 -25 millisecond taken to process the request /webstore/.
2020-06-29 14:36:50 INFO  ProcessingTimeLogInterceptor:28 -0 millisecond taken to process the request /webstore/.
2020-06-29 14:36:56 INFO  GenericWebApplicationContext:583 -Refreshing Flow ApplicationContext [checkout]: startup date [Mon Jun 29 14:36:56 EAT 2020]; parent: WebApplicationContext for namespace 'dispatcher-servlet'
2020-06-29 14:36:56 INFO  DefaultListableBeanFactory:910 -Replacing scope 'request' from [org.springframework.web.context.request.RequestScope@286d1d8] to [org.springframework.web.context.request.RequestScope@18a3a3da]
2020-06-29 14:36:58 INFO  ProcessingTimeLogInterceptor:28 -18 millisecond taken to process the request /webstore/cart/16589967650733508CB71CA428ED7FA1.
2020-06-29 14:36:58 INFO  ProcessingTimeLogInterceptor:28 -106 millisecond taken to process the request /webstore/rest/cart/16589967650733508CB71CA428ED7FA1.
2020-06-29 14:37:06 INFO  ProcessingTimeLogInterceptor:28 -0 millisecond taken to process the request /webstore/login.
2020-06-29 14:37:07 INFO  ProcessingTimeLogInterceptor:28 -1 millisecond taken to process the request /webstore/login.
2020-06-29 14:37:15 INFO  ProcessingTimeLogInterceptor:28 -3 millisecond taken to process the request /webstore/market/products.
2020-06-29 14:37:18 INFO  ProcessingTimeLogInterceptor:28 -24 millisecond taken to process the request /webstore/market/product?id=P1236.
2020-06-29 14:37:20 INFO  ProcessingTimeLogInterceptor:28 -31 millisecond taken to process the request /webstore/rest/cart/add/P1236.
2020-06-29 14:37:24 INFO  ProcessingTimeLogInterceptor:28 -1 millisecond taken to process the request /webstore/cart.
2020-06-29 14:37:24 INFO  ProcessingTimeLogInterceptor:28 -1 millisecond taken to process the request /webstore/cart/60DBEBAAC701D26ED54C1FFAB5BF8CE1.
2020-06-29 14:37:25 INFO  ProcessingTimeLogInterceptor:28 -90 millisecond taken to process the request /webstore/rest/cart/60DBEBAAC701D26ED54C1FFAB5BF8CE1.
2020-06-29 14:37:44 ERROR InputTag:87 -An ELException occurred getting the value type for expression 'shippingDetail.shippingAddress.doorNo' on context [class com.packt.webstore.domain.Order]
org.springframework.binding.expression.EvaluationException: An ELException occurred getting the value type for expression 'shippingDetail.shippingAddress.doorNo' on context [class com.packt.webstore.domain.Order]
	at org.springframework.binding.expression.spel.SpringELExpression.getValueType(SpringELExpression.java:105)
	at org.springframework.webflow.mvc.view.BindingModel.getFormattedValue(BindingModel.java:229)
	at org.springframework.webflow.mvc.view.BindingModel.getFieldValue(BindingModel.java:143)
	at org.springframework.web.servlet.support.BindStatus.<init>(BindStatus.java:118)
	at org.springframework.web.servlet.tags.form.AbstractDataBoundFormElementTag.getBindStatus(AbstractDataBoundFormElementTag.java:168)
	at org.springframework.web.servlet.tags.form.AbstractDataBoundFormElementTag.getPropertyPath(AbstractDataBoundFormElementTag.java:188)
	at org.springframework.web.servlet.tags.form.AbstractDataBoundFormElementTag.getName(AbstractDataBoundFormElementTag.java:154)
	at org.springframework.web.servlet.tags.form.AbstractDataBoundFormElementTag.writeDefaultAttributes(AbstractDataBoundFormElementTag.java:117)
	at org.springframework.web.servlet.tags.form.AbstractHtmlElementTag.writeDefaultAttributes(AbstractHtmlElementTag.java:422)
	at org.springframework.web.servlet.tags.form.InputTag.writeTagContent(InputTag.java:143)
	at org.springframework.web.servlet.tags.form.AbstractFormTag.doStartTagInternal(AbstractFormTag.java:84)
	at org.springframework.web.servlet.tags.RequestContextAwareTag.doStartTag(RequestContextAwareTag.java:80)
	at org.apache.jsp.WEB_002dINF.flows.checkout.collectShippingDetail_jsp._jspx_meth_form_005finput_005f2(collectShippingDetail_jsp.java:421)
	at org.apache.jsp.WEB_002dINF.flows.checkout.collectShippingDetail_jsp._jspx_meth_form_005fform_005f0(collectShippingDetail_jsp.java:225)
	at org.apache.jsp.WEB_002dINF.flows.checkout.collectShippingDetail_jsp._jspService(collectShippingDetail_jsp.java:152)
	at org.apache.jasper.runtime.HttpJspBase.service(HttpJspBase.java:71)
	at javax.servlet.http.HttpServlet.service(HttpServlet.java:741)
	at org.apache.jasper.servlet.JspServletWrapper.service(JspServletWrapper.java:476)
	at org.apache.jasper.servlet.JspServlet.serviceJspFile(JspServlet.java:386)
	at org.apache.jasper.servlet.JspServlet.service(JspServlet.java:330)
	at javax.servlet.http.HttpServlet.service(HttpServlet.java:741)
	at org.apache.catalina.core.ApplicationFilterChain.internalDoFilter(ApplicationFilterChain.java:231)
	at org.apache.catalina.core.ApplicationFilterChain.doFilter(ApplicationFilterChain.java:166)
	at org.apache.tomcat.websocket.server.WsFilter.doFilter(WsFilter.java:52)
	at org.apache.catalina.core.ApplicationFilterChain.internalDoFilter(ApplicationFilterChain.java:193)
	at org.apache.catalina.core.ApplicationFilterChain.doFilter(ApplicationFilterChain.java:166)
	at org.apache.catalina.core.ApplicationDispatcher.invoke(ApplicationDispatcher.java:713)
	at org.apache.catalina.core.ApplicationDispatcher.processRequest(ApplicationDispatcher.java:462)
	at org.apache.catalina.core.ApplicationDispatcher.doForward(ApplicationDispatcher.java:387)
	at org.apache.catalina.core.ApplicationDispatcher.forward(ApplicationDispatcher.java:315)
	at org.springframework.web.servlet.view.InternalResourceView.renderMergedOutputModel(InternalResourceView.java:168)
	at org.springframework.web.servlet.view.AbstractView.render(AbstractView.java:304)
	at org.springframework.webflow.mvc.servlet.ServletMvcView.doRender(ServletMvcView.java:55)
	at org.springframework.webflow.mvc.view.AbstractMvcView.render(AbstractMvcView.java:196)
	at org.springframework.webflow.engine.ViewState.render(ViewState.java:293)
	at org.springframework.webflow.engine.ViewState.refresh(ViewState.java:242)
	at org.springframework.webflow.engine.ViewState.resume(ViewState.java:220)
	at org.springframework.webflow.engine.Flow.resume(Flow.java:537)
	at org.springframework.webflow.engine.impl.FlowExecutionImpl.resume(FlowExecutionImpl.java:259)
	at org.springframework.webflow.executor.FlowExecutorImpl.resumeExecution(FlowExecutorImpl.java:169)
	at org.springframework.webflow.mvc.servlet.FlowHandlerAdapter.handle(FlowHandlerAdapter.java:228)
	at org.springframework.web.servlet.DispatcherServlet.doDispatch(DispatcherServlet.java:967)
	at org.springframework.web.servlet.DispatcherServlet.doService(DispatcherServlet.java:901)
	at org.springframework.web.servlet.FrameworkServlet.processRequest(FrameworkServlet.java:970)
	at org.springframework.web.servlet.FrameworkServlet.doGet(FrameworkServlet.java:861)
	at javax.servlet.http.HttpServlet.service(HttpServlet.java:634)
	at org.springframework.web.servlet.FrameworkServlet.service(FrameworkServlet.java:846)
	at javax.servlet.http.HttpServlet.service(HttpServlet.java:741)
	at org.apache.catalina.core.ApplicationFilterChain.internalDoFilter(ApplicationFilterChain.java:231)
	at org.apache.catalina.core.ApplicationFilterChain.doFilter(ApplicationFilterChain.java:166)
	at org.apache.tomcat.websocket.server.WsFilter.doFilter(WsFilter.java:52)
	at org.apache.catalina.core.ApplicationFilterChain.internalDoFilter(ApplicationFilterChain.java:193)
	at org.apache.catalina.core.ApplicationFilterChain.doFilter(ApplicationFilterChain.java:166)
	at org.springframework.security.web.FilterChainProxy$VirtualFilterChain.doFilter(FilterChainProxy.java:317)
	at org.springframework.security.web.access.intercept.FilterSecurityInterceptor.invoke(FilterSecurityInterceptor.java:127)
	at org.springframework.security.web.access.intercept.FilterSecurityInterceptor.doFilter(FilterSecurityInterceptor.java:91)
	at org.springframework.security.web.FilterChainProxy$VirtualFilterChain.doFilter(FilterChainProxy.java:331)
	at org.springframework.security.web.access.ExceptionTranslationFilter.doFilter(ExceptionTranslationFilter.java:115)
	at org.springframework.security.web.FilterChainProxy$VirtualFilterChain.doFilter(FilterChainProxy.java:331)
	at org.springframework.security.web.session.SessionManagementFilter.doFilter(SessionManagementFilter.java:137)
	at org.springframework.security.web.FilterChainProxy$VirtualFilterChain.doFilter(FilterChainProxy.java:331)
	at org.springframework.security.web.authentication.AnonymousAuthenticationFilter.doFilter(AnonymousAuthenticationFilter.java:111)
	at org.springframework.security.web.FilterChainProxy$VirtualFilterChain.doFilter(FilterChainProxy.java:331)
	at org.springframework.security.web.servletapi.SecurityContextHolderAwareRequestFilter.doFilter(SecurityContextHolderAwareRequestFilter.java:169)
	at org.springframework.security.web.FilterChainProxy$VirtualFilterChain.doFilter(FilterChainProxy.java:331)
	at org.springframework.security.web.savedrequest.RequestCacheAwareFilter.doFilter(RequestCacheAwareFilter.java:63)
	at org.springframework.security.web.FilterChainProxy$VirtualFilterChain.doFilter(FilterChainProxy.java:331)
	at org.springframework.security.web.authentication.AbstractAuthenticationProcessingFilter.doFilter(AbstractAuthenticationProcessingFilter.java:200)
	at org.springframework.security.web.FilterChainProxy$VirtualFilterChain.doFilter(FilterChainProxy.java:331)
	at org.springframework.security.web.authentication.logout.LogoutFilter.doFilter(LogoutFilter.java:121)
	at org.springframework.security.web.FilterChainProxy$VirtualFilterChain.doFilter(FilterChainProxy.java:331)
	at org.springframework.security.web.header.HeaderWriterFilter.doFilterInternal(HeaderWriterFilter.java:66)
	at org.springframework.web.filter.OncePerRequestFilter.doFilter(OncePerRequestFilter.java:107)
	at org.springframework.security.web.FilterChainProxy$VirtualFilterChain.doFilter(FilterChainProxy.java:331)
	at org.springframework.security.web.context.SecurityContextPersistenceFilter.doFilter(SecurityContextPersistenceFilter.java:105)
	at org.springframework.security.web.FilterChainProxy$VirtualFilterChain.doFilter(FilterChainProxy.java:331)
	at org.springframework.security.web.context.request.async.WebAsyncManagerIntegrationFilter.doFilterInternal(WebAsyncManagerIntegrationFilter.java:56)
	at org.springframework.web.filter.OncePerRequestFilter.doFilter(OncePerRequestFilter.java:107)
	at org.springframework.security.web.FilterChainProxy$VirtualFilterChain.doFilter(FilterChainProxy.java:331)
	at org.springframework.security.web.FilterChainProxy.doFilterInternal(FilterChainProxy.java:214)
	at org.springframework.security.web.FilterChainProxy.doFilter(FilterChainProxy.java:177)
	at org.springframework.web.filter.DelegatingFilterProxy.invokeDelegate(DelegatingFilterProxy.java:347)
	at org.springframework.web.filter.DelegatingFilterProxy.doFilter(DelegatingFilterProxy.java:263)
	at org.apache.catalina.core.ApplicationFilterChain.internalDoFilter(ApplicationFilterChain.java:193)
	at org.apache.catalina.core.ApplicationFilterChain.doFilter(ApplicationFilterChain.java:166)
	at org.apache.catalina.core.StandardWrapperValve.invoke(StandardWrapperValve.java:199)
	at org.apache.catalina.core.StandardContextValve.invoke(StandardContextValve.java:96)
	at org.apache.catalina.authenticator.AuthenticatorBase.invoke(AuthenticatorBase.java:543)
	at org.apache.catalina.core.StandardHostValve.invoke(StandardHostValve.java:139)
	at org.apache.catalina.valves.ErrorReportValve.invoke(ErrorReportValve.java:81)
	at org.apache.catalina.valves.AbstractAccessLogValve.invoke(AbstractAccessLogValve.java:690)
	at org.apache.catalina.core.StandardEngineValve.invoke(StandardEngineValve.java:87)
	at org.apache.catalina.connector.CoyoteAdapter.service(CoyoteAdapter.java:343)
	at org.apache.coyote.http11.Http11Processor.service(Http11Processor.java:615)
	at org.apache.coyote.AbstractProcessorLight.process(AbstractProcessorLight.java:65)
	at org.apache.coyote.AbstractProtocol$ConnectionHandler.process(AbstractProtocol.java:818)
	at org.apache.tomcat.util.net.NioEndpoint$SocketProcessor.doRun(NioEndpoint.java:1627)
	at org.apache.tomcat.util.net.SocketProcessorBase.run(SocketProcessorBase.java:49)
	at java.util.concurrent.ThreadPoolExecutor.runWorker(ThreadPoolExecutor.java:1149)
	at java.util.concurrent.ThreadPoolExecutor$Worker.run(ThreadPoolExecutor.java:624)
	at org.apache.tomcat.util.threads.TaskThread$WrappingRunnable.run(TaskThread.java:61)
	at java.lang.Thread.run(Thread.java:748)
Caused by: org.springframework.expression.spel.SpelEvaluationException: EL1007E: Property or field 'doorNo' cannot be found on null
	at org.springframework.expression.spel.ast.PropertyOrFieldReference.readProperty(PropertyOrFieldReference.java:225)
	at org.springframework.expression.spel.ast.PropertyOrFieldReference.getValueInternal(PropertyOrFieldReference.java:97)
	at org.springframework.expression.spel.ast.PropertyOrFieldReference.access$000(PropertyOrFieldReference.java:47)
	at org.springframework.expression.spel.ast.PropertyOrFieldReference$AccessorLValue.getValue(PropertyOrFieldReference.java:414)
	at org.springframework.expression.spel.ast.CompoundExpression.getValueInternal(CompoundExpression.java:89)
	at org.springframework.expression.spel.standard.SpelExpression.getValueType(SpelExpression.java:373)
	at org.springframework.binding.expression.spel.SpringELExpression.getValueType(SpringELExpression.java:100)
	... 101 more
2020-06-29 15:45:31 INFO  ProcessingTimeLogInterceptor:28 -0 millisecond taken to process the request /webstore/login.
2020-06-29 15:45:39 INFO  ProcessingTimeLogInterceptor:28 -2 millisecond taken to process the request /webstore/market/products.
2020-06-29 15:46:18 INFO  ProcessingTimeLogInterceptor:28 -2 millisecond taken to process the request /webstore/market/products.
2020-06-29 15:46:21 INFO  ProcessingTimeLogInterceptor:28 -2 millisecond taken to process the request /webstore/market/product?id=P1236.
2020-06-29 15:46:22 INFO  ProcessingTimeLogInterceptor:28 -5 millisecond taken to process the request /webstore/rest/cart/add/P1236.
2020-06-29 15:46:25 INFO  ProcessingTimeLogInterceptor:28 -0 millisecond taken to process the request /webstore/cart.
2020-06-29 15:46:25 INFO  ProcessingTimeLogInterceptor:28 -1 millisecond taken to process the request /webstore/cart/2095F3E88857BABF0ED48EDFA1BAB404.
2020-06-29 15:46:25 INFO  ProcessingTimeLogInterceptor:28 -8 millisecond taken to process the request /webstore/rest/cart/2095F3E88857BABF0ED48EDFA1BAB404.
2020-06-29 15:46:32 INFO  ProcessingTimeLogInterceptor:28 -5 millisecond taken to process the request /webstore/rest/cart/2095F3E88857BABF0ED48EDFA1BAB404.
2020-06-29 15:46:32 INFO  ProcessingTimeLogInterceptor:28 -2 millisecond taken to process the request /webstore/rest/cart/2095F3E88857BABF0ED48EDFA1BAB404.
2020-06-29 15:46:38 INFO  ProcessingTimeLogInterceptor:28 -2 millisecond taken to process the request /webstore/market/products.
2020-06-29 15:46:40 INFO  ProcessingTimeLogInterceptor:28 -3 millisecond taken to process the request /webstore/market/product?id=P1236.
2020-06-29 15:46:43 INFO  ProcessingTimeLogInterceptor:28 -5 millisecond taken to process the request /webstore/rest/cart/add/P1236.
2020-06-29 15:46:48 INFO  ProcessingTimeLogInterceptor:28 -0 millisecond taken to process the request /webstore/cart.
2020-06-29 15:46:48 INFO  ProcessingTimeLogInterceptor:28 -0 millisecond taken to process the request /webstore/cart/2095F3E88857BABF0ED48EDFA1BAB404.
2020-06-29 15:46:48 INFO  ProcessingTimeLogInterceptor:28 -6 millisecond taken to process the request /webstore/rest/cart/2095F3E88857BABF0ED48EDFA1BAB404.
2020-06-29 15:47:13 ERROR InputTag:87 -An ELException occurred getting the value type for expression 'shippingDetail.shippingAddress.doorNo' on context [class com.packt.webstore.domain.Order]
org.springframework.binding.expression.EvaluationException: An ELException occurred getting the value type for expression 'shippingDetail.shippingAddress.doorNo' on context [class com.packt.webstore.domain.Order]
	at org.springframework.binding.expression.spel.SpringELExpression.getValueType(SpringELExpression.java:105)
	at org.springframework.webflow.mvc.view.BindingModel.getFormattedValue(BindingModel.java:229)
	at org.springframework.webflow.mvc.view.BindingModel.getFieldValue(BindingModel.java:143)
	at org.springframework.web.servlet.support.BindStatus.<init>(BindStatus.java:118)
	at org.springframework.web.servlet.tags.form.AbstractDataBoundFormElementTag.getBindStatus(AbstractDataBoundFormElementTag.java:168)
	at org.springframework.web.servlet.tags.form.AbstractDataBoundFormElementTag.getPropertyPath(AbstractDataBoundFormElementTag.java:188)
	at org.springframework.web.servlet.tags.form.AbstractDataBoundFormElementTag.getName(AbstractDataBoundFormElementTag.java:154)
	at org.springframework.web.servlet.tags.form.AbstractDataBoundFormElementTag.writeDefaultAttributes(AbstractDataBoundFormElementTag.java:117)
	at org.springframework.web.servlet.tags.form.AbstractHtmlElementTag.writeDefaultAttributes(AbstractHtmlElementTag.java:422)
	at org.springframework.web.servlet.tags.form.InputTag.writeTagContent(InputTag.java:143)
	at org.springframework.web.servlet.tags.form.AbstractFormTag.doStartTagInternal(AbstractFormTag.java:84)
	at org.springframework.web.servlet.tags.RequestContextAwareTag.doStartTag(RequestContextAwareTag.java:80)
	at org.apache.jsp.WEB_002dINF.flows.checkout.collectShippingDetail_jsp._jspx_meth_form_005finput_005f2(collectShippingDetail_jsp.java:421)
	at org.apache.jsp.WEB_002dINF.flows.checkout.collectShippingDetail_jsp._jspx_meth_form_005fform_005f0(collectShippingDetail_jsp.java:225)
	at org.apache.jsp.WEB_002dINF.flows.checkout.collectShippingDetail_jsp._jspService(collectShippingDetail_jsp.java:152)
	at org.apache.jasper.runtime.HttpJspBase.service(HttpJspBase.java:71)
	at javax.servlet.http.HttpServlet.service(HttpServlet.java:741)
	at org.apache.jasper.servlet.JspServletWrapper.service(JspServletWrapper.java:476)
	at org.apache.jasper.servlet.JspServlet.serviceJspFile(JspServlet.java:386)
	at org.apache.jasper.servlet.JspServlet.service(JspServlet.java:330)
	at javax.servlet.http.HttpServlet.service(HttpServlet.java:741)
	at org.apache.catalina.core.ApplicationFilterChain.internalDoFilter(ApplicationFilterChain.java:231)
	at org.apache.catalina.core.ApplicationFilterChain.doFilter(ApplicationFilterChain.java:166)
	at org.apache.tomcat.websocket.server.WsFilter.doFilter(WsFilter.java:52)
	at org.apache.catalina.core.ApplicationFilterChain.internalDoFilter(ApplicationFilterChain.java:193)
	at org.apache.catalina.core.ApplicationFilterChain.doFilter(ApplicationFilterChain.java:166)
	at org.apache.catalina.core.ApplicationDispatcher.invoke(ApplicationDispatcher.java:713)
	at org.apache.catalina.core.ApplicationDispatcher.processRequest(ApplicationDispatcher.java:462)
	at org.apache.catalina.core.ApplicationDispatcher.doForward(ApplicationDispatcher.java:387)
	at org.apache.catalina.core.ApplicationDispatcher.forward(ApplicationDispatcher.java:315)
	at org.springframework.web.servlet.view.InternalResourceView.renderMergedOutputModel(InternalResourceView.java:168)
	at org.springframework.web.servlet.view.AbstractView.render(AbstractView.java:304)
	at org.springframework.webflow.mvc.servlet.ServletMvcView.doRender(ServletMvcView.java:55)
	at org.springframework.webflow.mvc.view.AbstractMvcView.render(AbstractMvcView.java:196)
	at org.springframework.webflow.engine.ViewState.render(ViewState.java:293)
	at org.springframework.webflow.engine.ViewState.refresh(ViewState.java:242)
	at org.springframework.webflow.engine.ViewState.resume(ViewState.java:220)
	at org.springframework.webflow.engine.Flow.resume(Flow.java:537)
	at org.springframework.webflow.engine.impl.FlowExecutionImpl.resume(FlowExecutionImpl.java:259)
	at org.springframework.webflow.executor.FlowExecutorImpl.resumeExecution(FlowExecutorImpl.java:169)
	at org.springframework.webflow.mvc.servlet.FlowHandlerAdapter.handle(FlowHandlerAdapter.java:228)
	at org.springframework.web.servlet.DispatcherServlet.doDispatch(DispatcherServlet.java:967)
	at org.springframework.web.servlet.DispatcherServlet.doService(DispatcherServlet.java:901)
	at org.springframework.web.servlet.FrameworkServlet.processRequest(FrameworkServlet.java:970)
	at org.springframework.web.servlet.FrameworkServlet.doGet(FrameworkServlet.java:861)
	at javax.servlet.http.HttpServlet.service(HttpServlet.java:634)
	at org.springframework.web.servlet.FrameworkServlet.service(FrameworkServlet.java:846)
	at javax.servlet.http.HttpServlet.service(HttpServlet.java:741)
	at org.apache.catalina.core.ApplicationFilterChain.internalDoFilter(ApplicationFilterChain.java:231)
	at org.apache.catalina.core.ApplicationFilterChain.doFilter(ApplicationFilterChain.java:166)
	at org.apache.tomcat.websocket.server.WsFilter.doFilter(WsFilter.java:52)
	at org.apache.catalina.core.ApplicationFilterChain.internalDoFilter(ApplicationFilterChain.java:193)
	at org.apache.catalina.core.ApplicationFilterChain.doFilter(ApplicationFilterChain.java:166)
	at org.springframework.security.web.FilterChainProxy$VirtualFilterChain.doFilter(FilterChainProxy.java:317)
	at org.springframework.security.web.access.intercept.FilterSecurityInterceptor.invoke(FilterSecurityInterceptor.java:127)
	at org.springframework.security.web.access.intercept.FilterSecurityInterceptor.doFilter(FilterSecurityInterceptor.java:91)
	at org.springframework.security.web.FilterChainProxy$VirtualFilterChain.doFilter(FilterChainProxy.java:331)
	at org.springframework.security.web.access.ExceptionTranslationFilter.doFilter(ExceptionTranslationFilter.java:115)
	at org.springframework.security.web.FilterChainProxy$VirtualFilterChain.doFilter(FilterChainProxy.java:331)
	at org.springframework.security.web.session.SessionManagementFilter.doFilter(SessionManagementFilter.java:137)
	at org.springframework.security.web.FilterChainProxy$VirtualFilterChain.doFilter(FilterChainProxy.java:331)
	at org.springframework.security.web.authentication.AnonymousAuthenticationFilter.doFilter(AnonymousAuthenticationFilter.java:111)
	at org.springframework.security.web.FilterChainProxy$VirtualFilterChain.doFilter(FilterChainProxy.java:331)
	at org.springframework.security.web.servletapi.SecurityContextHolderAwareRequestFilter.doFilter(SecurityContextHolderAwareRequestFilter.java:169)
	at org.springframework.security.web.FilterChainProxy$VirtualFilterChain.doFilter(FilterChainProxy.java:331)
	at org.springframework.security.web.savedrequest.RequestCacheAwareFilter.doFilter(RequestCacheAwareFilter.java:63)
	at org.springframework.security.web.FilterChainProxy$VirtualFilterChain.doFilter(FilterChainProxy.java:331)
	at org.springframework.security.web.authentication.AbstractAuthenticationProcessingFilter.doFilter(AbstractAuthenticationProcessingFilter.java:200)
	at org.springframework.security.web.FilterChainProxy$VirtualFilterChain.doFilter(FilterChainProxy.java:331)
	at org.springframework.security.web.authentication.logout.LogoutFilter.doFilter(LogoutFilter.java:121)
	at org.springframework.security.web.FilterChainProxy$VirtualFilterChain.doFilter(FilterChainProxy.java:331)
	at org.springframework.security.web.header.HeaderWriterFilter.doFilterInternal(HeaderWriterFilter.java:66)
	at org.springframework.web.filter.OncePerRequestFilter.doFilter(OncePerRequestFilter.java:107)
	at org.springframework.security.web.FilterChainProxy$VirtualFilterChain.doFilter(FilterChainProxy.java:331)
	at org.springframework.security.web.context.SecurityContextPersistenceFilter.doFilter(SecurityContextPersistenceFilter.java:105)
	at org.springframework.security.web.FilterChainProxy$VirtualFilterChain.doFilter(FilterChainProxy.java:331)
	at org.springframework.security.web.context.request.async.WebAsyncManagerIntegrationFilter.doFilterInternal(WebAsyncManagerIntegrationFilter.java:56)
	at org.springframework.web.filter.OncePerRequestFilter.doFilter(OncePerRequestFilter.java:107)
	at org.springframework.security.web.FilterChainProxy$VirtualFilterChain.doFilter(FilterChainProxy.java:331)
	at org.springframework.security.web.FilterChainProxy.doFilterInternal(FilterChainProxy.java:214)
	at org.springframework.security.web.FilterChainProxy.doFilter(FilterChainProxy.java:177)
	at org.springframework.web.filter.DelegatingFilterProxy.invokeDelegate(DelegatingFilterProxy.java:347)
	at org.springframework.web.filter.DelegatingFilterProxy.doFilter(DelegatingFilterProxy.java:263)
	at org.apache.catalina.core.ApplicationFilterChain.internalDoFilter(ApplicationFilterChain.java:193)
	at org.apache.catalina.core.ApplicationFilterChain.doFilter(ApplicationFilterChain.java:166)
	at org.apache.catalina.core.StandardWrapperValve.invoke(StandardWrapperValve.java:199)
	at org.apache.catalina.core.StandardContextValve.invoke(StandardContextValve.java:96)
	at org.apache.catalina.authenticator.AuthenticatorBase.invoke(AuthenticatorBase.java:543)
	at org.apache.catalina.core.StandardHostValve.invoke(StandardHostValve.java:139)
	at org.apache.catalina.valves.ErrorReportValve.invoke(ErrorReportValve.java:81)
	at org.apache.catalina.valves.AbstractAccessLogValve.invoke(AbstractAccessLogValve.java:690)
	at org.apache.catalina.core.StandardEngineValve.invoke(StandardEngineValve.java:87)
	at org.apache.catalina.connector.CoyoteAdapter.service(CoyoteAdapter.java:343)
	at org.apache.coyote.http11.Http11Processor.service(Http11Processor.java:615)
	at org.apache.coyote.AbstractProcessorLight.process(AbstractProcessorLight.java:65)
	at org.apache.coyote.AbstractProtocol$ConnectionHandler.process(AbstractProtocol.java:818)
	at org.apache.tomcat.util.net.NioEndpoint$SocketProcessor.doRun(NioEndpoint.java:1627)
	at org.apache.tomcat.util.net.SocketProcessorBase.run(SocketProcessorBase.java:49)
	at java.util.concurrent.ThreadPoolExecutor.runWorker(ThreadPoolExecutor.java:1149)
	at java.util.concurrent.ThreadPoolExecutor$Worker.run(ThreadPoolExecutor.java:624)
	at org.apache.tomcat.util.threads.TaskThread$WrappingRunnable.run(TaskThread.java:61)
	at java.lang.Thread.run(Thread.java:748)
Caused by: org.springframework.expression.spel.SpelEvaluationException: EL1007E: Property or field 'doorNo' cannot be found on null
	at org.springframework.expression.spel.ast.PropertyOrFieldReference.readProperty(PropertyOrFieldReference.java:225)
	at org.springframework.expression.spel.ast.PropertyOrFieldReference.getValueInternal(PropertyOrFieldReference.java:97)
	at org.springframework.expression.spel.ast.PropertyOrFieldReference.access$000(PropertyOrFieldReference.java:47)
	at org.springframework.expression.spel.ast.PropertyOrFieldReference$AccessorLValue.getValue(PropertyOrFieldReference.java:414)
	at org.springframework.expression.spel.ast.CompoundExpression.getValueInternal(CompoundExpression.java:89)
	at org.springframework.expression.spel.standard.SpelExpression.getValueType(SpelExpression.java:373)
	at org.springframework.binding.expression.spel.SpringELExpression.getValueType(SpringELExpression.java:100)
	... 101 more
2020-06-29 16:00:11 INFO  AnnotationConfigWebApplicationContext:985 -Closing WebApplicationContext for namespace 'dispatcher-servlet': startup date [Mon Jun 29 14:36:48 EAT 2020]; parent: Root WebApplicationContext
2020-06-29 16:00:11 INFO  EmbeddedDatabaseFactory:216 -Shutting down embedded database: url='jdbc:hsqldb:mem:testdb'
2020-06-29 16:00:11 INFO  AnnotationConfigWebApplicationContext:985 -Closing Root WebApplicationContext: startup date [Mon Jun 29 14:36:44 EAT 2020]; root of context hierarchy
2020-06-29 16:00:11 INFO  EmbeddedDatabaseFactory:216 -Shutting down embedded database: url='jdbc:hsqldb:mem:testdb'
2020-06-29 16:00:27 INFO  ContextLoader:304 -Root WebApplicationContext: initialization started
2020-06-29 16:00:27 INFO  AnnotationConfigWebApplicationContext:583 -Refreshing Root WebApplicationContext: startup date [Mon Jun 29 16:00:27 EAT 2020]; root of context hierarchy
2020-06-29 16:00:27 INFO  AnnotationConfigWebApplicationContext:208 -Registering annotated classes: [class com.packt.webstore.config.RootApplicationContextConfig]
2020-06-29 16:00:29 INFO  EmbeddedDatabaseFactory:185 -Starting embedded database: url='jdbc:hsqldb:mem:testdb', username='sa'
2020-06-29 16:00:29 INFO  ScriptUtils:443 -Executing SQL script from class path resource [db/sql/create-table.sql]
2020-06-29 16:00:29 INFO  ScriptUtils:509 -Executed SQL script from class path resource [db/sql/create-table.sql] in 8 ms.
2020-06-29 16:00:29 INFO  ScriptUtils:443 -Executing SQL script from class path resource [db/sql/insert-data.sql]
2020-06-29 16:00:29 INFO  ScriptUtils:509 -Executed SQL script from class path resource [db/sql/insert-data.sql] in 2 ms.
2020-06-29 16:00:29 INFO  Version:30 -HV000001: Hibernate Validator 5.2.4.Final
2020-06-29 16:00:30 INFO  DefaultSecurityFilterChain:43 -Creating filter chain: org.springframework.security.web.util.matcher.AnyRequestMatcher@1, [org.springframework.security.web.context.request.async.WebAsyncManagerIntegrationFilter@69fd5e12, org.springframework.security.web.context.SecurityContextPersistenceFilter@535b6f0a, org.springframework.security.web.header.HeaderWriterFilter@2787986, org.springframework.security.web.authentication.logout.LogoutFilter@464bf031, org.springframework.security.web.authentication.UsernamePasswordAuthenticationFilter@567518de, org.springframework.security.web.savedrequest.RequestCacheAwareFilter@3d5a42d7, org.springframework.security.web.servletapi.SecurityContextHolderAwareRequestFilter@14475cb8, org.springframework.security.web.authentication.AnonymousAuthenticationFilter@be5180, org.springframework.security.web.session.SessionManagementFilter@74cf50e5, org.springframework.security.web.access.ExceptionTranslationFilter@14443f87, org.springframework.security.web.access.intercept.FilterSecurityInterceptor@48e773b9]
2020-06-29 16:00:30 INFO  RequestMappingHandlerMapping:544 -Mapped "{[/cart/{cartId}],methods=[GET]}" onto public java.lang.String com.packt.webstore.controller.CartController.getCart(java.lang.String,org.springframework.ui.Model)
2020-06-29 16:00:30 INFO  RequestMappingHandlerMapping:544 -Mapped "{[/cart]}" onto public java.lang.String com.packt.webstore.controller.CartController.get(javax.servlet.http.HttpServletRequest)
2020-06-29 16:00:30 INFO  RequestMappingHandlerMapping:544 -Mapped "{[/rest/cart/remove/{productId}],methods=[PUT]}" onto public void com.packt.webstore.controller.CartRestController.removeItem(java.lang.String,javax.servlet.http.HttpSession)
2020-06-29 16:00:30 INFO  RequestMappingHandlerMapping:544 -Mapped "{[/rest/cart/add/{productId}],methods=[PUT]}" onto public void com.packt.webstore.controller.CartRestController.addItem(java.lang.String,javax.servlet.http.HttpSession)
2020-06-29 16:00:30 INFO  RequestMappingHandlerMapping:544 -Mapped "{[/rest/cart/{cartId}],methods=[PUT]}" onto public void com.packt.webstore.controller.CartRestController.update(java.lang.String,com.packt.webstore.dto.CartDto)
2020-06-29 16:00:30 INFO  RequestMappingHandlerMapping:544 -Mapped "{[/rest/cart/{cartId}],methods=[GET]}" onto public com.packt.webstore.domain.Cart com.packt.webstore.controller.CartRestController.read(java.lang.String)
2020-06-29 16:00:30 INFO  RequestMappingHandlerMapping:544 -Mapped "{[/rest/cart/{cartId}],methods=[DELETE]}" onto public void com.packt.webstore.controller.CartRestController.delete(java.lang.String)
2020-06-29 16:00:30 INFO  RequestMappingHandlerMapping:544 -Mapped "{[/rest/cart],methods=[POST]}" onto public void com.packt.webstore.controller.CartRestController.create(com.packt.webstore.dto.CartDto)
2020-06-29 16:00:30 INFO  RequestMappingHandlerMapping:544 -Mapped "{[/customers]}" onto public java.lang.String com.packt.webstore.controller.CustomerController.getAllCustomers(org.springframework.ui.Model)
2020-06-29 16:00:30 INFO  RequestMappingHandlerMapping:544 -Mapped "{[/customers/add],methods=[GET]}" onto public java.lang.String com.packt.webstore.controller.CustomerController.getAddCustomerForm(com.packt.webstore.Domain.Customer)
2020-06-29 16:00:30 INFO  RequestMappingHandlerMapping:544 -Mapped "{[/customers/add]}" onto public java.lang.String com.packt.webstore.controller.CustomerController.processAddCustomerForm(com.packt.webstore.Domain.Customer)
2020-06-29 16:00:30 INFO  RequestMappingHandlerMapping:544 -Mapped "{[/welcome/greeting]}" onto public java.lang.String com.packt.webstore.controller.HomeController.greeting()
2020-06-29 16:00:30 INFO  RequestMappingHandlerMapping:544 -Mapped "{[/]}" onto public java.lang.String com.packt.webstore.controller.HomeController.Welcome(org.springframework.ui.Model)
2020-06-29 16:00:30 INFO  RequestMappingHandlerMapping:544 -Mapped "{[/login],methods=[GET]}" onto public java.lang.String com.packt.webstore.controller.LoginController.login()
2020-06-29 16:00:30 INFO  RequestMappingHandlerMapping:544 -Mapped "{[/market/products/invalidPromoCode]}" onto public java.lang.String com.packt.webstore.controller.ProductController.invalidPromoCode()
2020-06-29 16:00:30 INFO  RequestMappingHandlerMapping:544 -Mapped "{[/market/update/stock]}" onto public java.lang.String com.packt.webstore.controller.ProductController.updateStock(org.springframework.ui.Model)
2020-06-29 16:00:30 INFO  RequestMappingHandlerMapping:544 -Mapped "{[/market/products/{category}]}" onto public java.lang.String com.packt.webstore.controller.ProductController.getProductsByCategory(org.springframework.ui.Model,java.lang.String)
2020-06-29 16:00:30 INFO  RequestMappingHandlerMapping:544 -Mapped "{[/market/products/filter/{params}]}" onto public java.lang.String com.packt.webstore.controller.ProductController.getProductsByFilter(java.util.Map<java.lang.String, java.util.List<java.lang.String>>,org.springframework.ui.Model)
2020-06-29 16:00:30 INFO  RequestMappingHandlerMapping:544 -Mapped "{[/market/product]}" onto public java.lang.String com.packt.webstore.controller.ProductController.getProductById(java.lang.String,org.springframework.ui.Model)
2020-06-29 16:00:30 INFO  RequestMappingHandlerMapping:544 -Mapped "{[/market/products/add],methods=[GET]}" onto public java.lang.String com.packt.webstore.controller.ProductController.getAddNewProductForm(org.springframework.ui.Model)
2020-06-29 16:00:30 INFO  RequestMappingHandlerMapping:544 -Mapped "{[/market/products/add],methods=[POST]}" onto public java.lang.String com.packt.webstore.controller.ProductController.processAddNewProductForm(com.packt.webstore.domain.Product,org.springframework.validation.BindingResult,javax.servlet.http.HttpServletRequest)
2020-06-29 16:00:30 INFO  RequestMappingHandlerMapping:544 -Mapped "{[/market/products]}" onto public java.lang.String com.packt.webstore.controller.ProductController.list(org.springframework.ui.Model)
2020-06-29 16:00:30 INFO  SimpleUrlHandlerMapping:364 -Mapped URL path [/assets/**] onto handler of type [class org.springframework.web.servlet.resource.ResourceHttpRequestHandler]
2020-06-29 16:00:30 INFO  SimpleUrlHandlerMapping:364 -Mapped URL path [/**] onto handler of type [class org.springframework.web.servlet.resource.DefaultServletHttpRequestHandler]
2020-06-29 16:00:30 INFO  RequestMappingHandlerAdapter:557 -Looking for @ControllerAdvice: Root WebApplicationContext: startup date [Mon Jun 29 16:00:27 EAT 2020]; root of context hierarchy
2020-06-29 16:00:31 INFO  ContextLoader:344 -Root WebApplicationContext: initialization completed in 3649 ms
2020-06-29 16:00:31 INFO  DispatcherServlet:489 -FrameworkServlet 'dispatcher': initialization started
2020-06-29 16:00:31 INFO  AnnotationConfigWebApplicationContext:583 -Refreshing WebApplicationContext for namespace 'dispatcher-servlet': startup date [Mon Jun 29 16:00:31 EAT 2020]; parent: Root WebApplicationContext
2020-06-29 16:00:31 INFO  AnnotationConfigWebApplicationContext:208 -Registering annotated classes: [class com.packt.webstore.config.WebApplicationContextConfig]
2020-06-29 16:00:31 INFO  EmbeddedDatabaseFactory:185 -Starting embedded database: url='jdbc:hsqldb:mem:testdb', username='sa'
2020-06-29 16:00:31 INFO  ScriptUtils:443 -Executing SQL script from class path resource [db/sql/create-table.sql]
2020-06-29 16:00:31 INFO  ScriptUtils:509 -Executed SQL script from class path resource [db/sql/create-table.sql] in 6 ms.
2020-06-29 16:00:31 INFO  ScriptUtils:443 -Executing SQL script from class path resource [db/sql/insert-data.sql]
2020-06-29 16:00:31 INFO  ScriptUtils:509 -Executed SQL script from class path resource [db/sql/insert-data.sql] in 1 ms.
2020-06-29 16:00:31 INFO  DefaultSecurityFilterChain:43 -Creating filter chain: org.springframework.security.web.util.matcher.AnyRequestMatcher@1, [org.springframework.security.web.context.request.async.WebAsyncManagerIntegrationFilter@5409619c, org.springframework.security.web.context.SecurityContextPersistenceFilter@119fc473, org.springframework.security.web.header.HeaderWriterFilter@72c21437, org.springframework.security.web.authentication.logout.LogoutFilter@375fc4c7, org.springframework.security.web.authentication.UsernamePasswordAuthenticationFilter@588c2203, org.springframework.security.web.savedrequest.RequestCacheAwareFilter@186bb14d, org.springframework.security.web.servletapi.SecurityContextHolderAwareRequestFilter@7a6a6ddb, org.springframework.security.web.authentication.AnonymousAuthenticationFilter@1412f1b5, org.springframework.security.web.session.SessionManagementFilter@848b61f, org.springframework.security.web.access.ExceptionTranslationFilter@40e92297, org.springframework.security.web.access.intercept.FilterSecurityInterceptor@6f5377]
2020-06-29 16:00:31 INFO  RequestMappingHandlerMapping:544 -Mapped "{[/cart/{cartId}],methods=[GET]}" onto public java.lang.String com.packt.webstore.controller.CartController.getCart(java.lang.String,org.springframework.ui.Model)
2020-06-29 16:00:31 INFO  RequestMappingHandlerMapping:544 -Mapped "{[/cart]}" onto public java.lang.String com.packt.webstore.controller.CartController.get(javax.servlet.http.HttpServletRequest)
2020-06-29 16:00:31 INFO  RequestMappingHandlerMapping:544 -Mapped "{[/rest/cart/remove/{productId}],methods=[PUT]}" onto public void com.packt.webstore.controller.CartRestController.removeItem(java.lang.String,javax.servlet.http.HttpSession)
2020-06-29 16:00:31 INFO  RequestMappingHandlerMapping:544 -Mapped "{[/rest/cart/add/{productId}],methods=[PUT]}" onto public void com.packt.webstore.controller.CartRestController.addItem(java.lang.String,javax.servlet.http.HttpSession)
2020-06-29 16:00:31 INFO  RequestMappingHandlerMapping:544 -Mapped "{[/rest/cart/{cartId}],methods=[PUT]}" onto public void com.packt.webstore.controller.CartRestController.update(java.lang.String,com.packt.webstore.dto.CartDto)
2020-06-29 16:00:31 INFO  RequestMappingHandlerMapping:544 -Mapped "{[/rest/cart/{cartId}],methods=[GET]}" onto public com.packt.webstore.domain.Cart com.packt.webstore.controller.CartRestController.read(java.lang.String)
2020-06-29 16:00:31 INFO  RequestMappingHandlerMapping:544 -Mapped "{[/rest/cart/{cartId}],methods=[DELETE]}" onto public void com.packt.webstore.controller.CartRestController.delete(java.lang.String)
2020-06-29 16:00:31 INFO  RequestMappingHandlerMapping:544 -Mapped "{[/rest/cart],methods=[POST]}" onto public void com.packt.webstore.controller.CartRestController.create(com.packt.webstore.dto.CartDto)
2020-06-29 16:00:31 INFO  RequestMappingHandlerMapping:544 -Mapped "{[/customers]}" onto public java.lang.String com.packt.webstore.controller.CustomerController.getAllCustomers(org.springframework.ui.Model)
2020-06-29 16:00:31 INFO  RequestMappingHandlerMapping:544 -Mapped "{[/customers/add],methods=[GET]}" onto public java.lang.String com.packt.webstore.controller.CustomerController.getAddCustomerForm(com.packt.webstore.Domain.Customer)
2020-06-29 16:00:31 INFO  RequestMappingHandlerMapping:544 -Mapped "{[/customers/add]}" onto public java.lang.String com.packt.webstore.controller.CustomerController.processAddCustomerForm(com.packt.webstore.Domain.Customer)
2020-06-29 16:00:31 INFO  RequestMappingHandlerMapping:544 -Mapped "{[/welcome/greeting]}" onto public java.lang.String com.packt.webstore.controller.HomeController.greeting()
2020-06-29 16:00:31 INFO  RequestMappingHandlerMapping:544 -Mapped "{[/]}" onto public java.lang.String com.packt.webstore.controller.HomeController.Welcome(org.springframework.ui.Model)
2020-06-29 16:00:31 INFO  RequestMappingHandlerMapping:544 -Mapped "{[/login],methods=[GET]}" onto public java.lang.String com.packt.webstore.controller.LoginController.login()
2020-06-29 16:00:31 INFO  RequestMappingHandlerMapping:544 -Mapped "{[/market/products/invalidPromoCode]}" onto public java.lang.String com.packt.webstore.controller.ProductController.invalidPromoCode()
2020-06-29 16:00:31 INFO  RequestMappingHandlerMapping:544 -Mapped "{[/market/update/stock]}" onto public java.lang.String com.packt.webstore.controller.ProductController.updateStock(org.springframework.ui.Model)
2020-06-29 16:00:31 INFO  RequestMappingHandlerMapping:544 -Mapped "{[/market/products/{category}]}" onto public java.lang.String com.packt.webstore.controller.ProductController.getProductsByCategory(org.springframework.ui.Model,java.lang.String)
2020-06-29 16:00:31 INFO  RequestMappingHandlerMapping:544 -Mapped "{[/market/products/filter/{params}]}" onto public java.lang.String com.packt.webstore.controller.ProductController.getProductsByFilter(java.util.Map<java.lang.String, java.util.List<java.lang.String>>,org.springframework.ui.Model)
2020-06-29 16:00:31 INFO  RequestMappingHandlerMapping:544 -Mapped "{[/market/product]}" onto public java.lang.String com.packt.webstore.controller.ProductController.getProductById(java.lang.String,org.springframework.ui.Model)
2020-06-29 16:00:31 INFO  RequestMappingHandlerMapping:544 -Mapped "{[/market/products/add],methods=[GET]}" onto public java.lang.String com.packt.webstore.controller.ProductController.getAddNewProductForm(org.springframework.ui.Model)
2020-06-29 16:00:31 INFO  RequestMappingHandlerMapping:544 -Mapped "{[/market/products/add],methods=[POST]}" onto public java.lang.String com.packt.webstore.controller.ProductController.processAddNewProductForm(com.packt.webstore.domain.Product,org.springframework.validation.BindingResult,javax.servlet.http.HttpServletRequest)
2020-06-29 16:00:31 INFO  RequestMappingHandlerMapping:544 -Mapped "{[/market/products]}" onto public java.lang.String com.packt.webstore.controller.ProductController.list(org.springframework.ui.Model)
2020-06-29 16:00:31 INFO  SimpleUrlHandlerMapping:364 -Mapped URL path [/assets/**] onto handler of type [class org.springframework.web.servlet.resource.ResourceHttpRequestHandler]
2020-06-29 16:00:31 INFO  SimpleUrlHandlerMapping:364 -Mapped URL path [/**] onto handler of type [class org.springframework.web.servlet.resource.DefaultServletHttpRequestHandler]
2020-06-29 16:00:31 INFO  RequestMappingHandlerAdapter:557 -Looking for @ControllerAdvice: WebApplicationContext for namespace 'dispatcher-servlet': startup date [Mon Jun 29 16:00:31 EAT 2020]; parent: Root WebApplicationContext
2020-06-29 16:00:32 INFO  DispatcherServlet:508 -FrameworkServlet 'dispatcher': initialization completed in 730 ms
2020-06-29 16:00:32 INFO  ProcessingTimeLogInterceptor:28 -32 millisecond taken to process the request /webstore/.
2020-06-29 16:00:34 INFO  ProcessingTimeLogInterceptor:28 -0 millisecond taken to process the request /webstore/.
2020-06-29 16:00:40 INFO  ProcessingTimeLogInterceptor:28 -4 millisecond taken to process the request /webstore/login.
2020-06-29 16:00:41 INFO  ProcessingTimeLogInterceptor:28 -0 millisecond taken to process the request /webstore/login.
2020-06-29 16:00:50 INFO  ProcessingTimeLogInterceptor:28 -25 millisecond taken to process the request /webstore/market/products.
2020-06-29 16:00:55 INFO  ProcessingTimeLogInterceptor:28 -40 millisecond taken to process the request /webstore/market/product?id=P1236.
2020-06-29 16:00:58 INFO  ProcessingTimeLogInterceptor:28 -55 millisecond taken to process the request /webstore/rest/cart/add/P1236.
2020-06-29 16:01:01 INFO  ProcessingTimeLogInterceptor:28 -1 millisecond taken to process the request /webstore/cart.
2020-06-29 16:01:01 INFO  ProcessingTimeLogInterceptor:28 -1 millisecond taken to process the request /webstore/cart/6E67DC58C671726539BF7ACBE61977E5.
2020-06-29 16:01:02 INFO  ProcessingTimeLogInterceptor:28 -162 millisecond taken to process the request /webstore/rest/cart/6E67DC58C671726539BF7ACBE61977E5.
2020-06-29 16:01:04 INFO  GenericWebApplicationContext:583 -Refreshing Flow ApplicationContext [checkout]: startup date [Mon Jun 29 16:01:04 EAT 2020]; parent: WebApplicationContext for namespace 'dispatcher-servlet'
2020-06-29 16:01:04 INFO  DefaultListableBeanFactory:910 -Replacing scope 'request' from [org.springframework.web.context.request.RequestScope@4c8704d9] to [org.springframework.web.context.request.RequestScope@719d8c6a]
2020-06-29 16:01:28 ERROR InputTag:87 -An ELException occurred getting the value type for expression 'shippingDetail.shippingAddress.doorNo' on context [class com.packt.webstore.domain.Order]
org.springframework.binding.expression.EvaluationException: An ELException occurred getting the value type for expression 'shippingDetail.shippingAddress.doorNo' on context [class com.packt.webstore.domain.Order]
	at org.springframework.binding.expression.spel.SpringELExpression.getValueType(SpringELExpression.java:105)
	at org.springframework.webflow.mvc.view.BindingModel.getFormattedValue(BindingModel.java:229)
	at org.springframework.webflow.mvc.view.BindingModel.getFieldValue(BindingModel.java:143)
	at org.springframework.web.servlet.support.BindStatus.<init>(BindStatus.java:118)
	at org.springframework.web.servlet.tags.form.AbstractDataBoundFormElementTag.getBindStatus(AbstractDataBoundFormElementTag.java:168)
	at org.springframework.web.servlet.tags.form.AbstractDataBoundFormElementTag.getPropertyPath(AbstractDataBoundFormElementTag.java:188)
	at org.springframework.web.servlet.tags.form.AbstractDataBoundFormElementTag.getName(AbstractDataBoundFormElementTag.java:154)
	at org.springframework.web.servlet.tags.form.AbstractDataBoundFormElementTag.writeDefaultAttributes(AbstractDataBoundFormElementTag.java:117)
	at org.springframework.web.servlet.tags.form.AbstractHtmlElementTag.writeDefaultAttributes(AbstractHtmlElementTag.java:422)
	at org.springframework.web.servlet.tags.form.InputTag.writeTagContent(InputTag.java:143)
	at org.springframework.web.servlet.tags.form.AbstractFormTag.doStartTagInternal(AbstractFormTag.java:84)
	at org.springframework.web.servlet.tags.RequestContextAwareTag.doStartTag(RequestContextAwareTag.java:80)
	at org.apache.jsp.WEB_002dINF.flows.checkout.collectShippingDetail_jsp._jspx_meth_form_005finput_005f2(collectShippingDetail_jsp.java:421)
	at org.apache.jsp.WEB_002dINF.flows.checkout.collectShippingDetail_jsp._jspx_meth_form_005fform_005f0(collectShippingDetail_jsp.java:225)
	at org.apache.jsp.WEB_002dINF.flows.checkout.collectShippingDetail_jsp._jspService(collectShippingDetail_jsp.java:152)
	at org.apache.jasper.runtime.HttpJspBase.service(HttpJspBase.java:71)
	at javax.servlet.http.HttpServlet.service(HttpServlet.java:741)
	at org.apache.jasper.servlet.JspServletWrapper.service(JspServletWrapper.java:476)
	at org.apache.jasper.servlet.JspServlet.serviceJspFile(JspServlet.java:386)
	at org.apache.jasper.servlet.JspServlet.service(JspServlet.java:330)
	at javax.servlet.http.HttpServlet.service(HttpServlet.java:741)
	at org.apache.catalina.core.ApplicationFilterChain.internalDoFilter(ApplicationFilterChain.java:231)
	at org.apache.catalina.core.ApplicationFilterChain.doFilter(ApplicationFilterChain.java:166)
	at org.apache.tomcat.websocket.server.WsFilter.doFilter(WsFilter.java:52)
	at org.apache.catalina.core.ApplicationFilterChain.internalDoFilter(ApplicationFilterChain.java:193)
	at org.apache.catalina.core.ApplicationFilterChain.doFilter(ApplicationFilterChain.java:166)
	at org.apache.catalina.core.ApplicationDispatcher.invoke(ApplicationDispatcher.java:713)
	at org.apache.catalina.core.ApplicationDispatcher.processRequest(ApplicationDispatcher.java:462)
	at org.apache.catalina.core.ApplicationDispatcher.doForward(ApplicationDispatcher.java:387)
	at org.apache.catalina.core.ApplicationDispatcher.forward(ApplicationDispatcher.java:315)
	at org.springframework.web.servlet.view.InternalResourceView.renderMergedOutputModel(InternalResourceView.java:168)
	at org.springframework.web.servlet.view.AbstractView.render(AbstractView.java:304)
	at org.springframework.webflow.mvc.servlet.ServletMvcView.doRender(ServletMvcView.java:55)
	at org.springframework.webflow.mvc.view.AbstractMvcView.render(AbstractMvcView.java:196)
	at org.springframework.webflow.engine.ViewState.render(ViewState.java:293)
	at org.springframework.webflow.engine.ViewState.refresh(ViewState.java:242)
	at org.springframework.webflow.engine.ViewState.resume(ViewState.java:220)
	at org.springframework.webflow.engine.Flow.resume(Flow.java:537)
	at org.springframework.webflow.engine.impl.FlowExecutionImpl.resume(FlowExecutionImpl.java:259)
	at org.springframework.webflow.executor.FlowExecutorImpl.resumeExecution(FlowExecutorImpl.java:169)
	at org.springframework.webflow.mvc.servlet.FlowHandlerAdapter.handle(FlowHandlerAdapter.java:228)
	at org.springframework.web.servlet.DispatcherServlet.doDispatch(DispatcherServlet.java:967)
	at org.springframework.web.servlet.DispatcherServlet.doService(DispatcherServlet.java:901)
	at org.springframework.web.servlet.FrameworkServlet.processRequest(FrameworkServlet.java:970)
	at org.springframework.web.servlet.FrameworkServlet.doGet(FrameworkServlet.java:861)
	at javax.servlet.http.HttpServlet.service(HttpServlet.java:634)
	at org.springframework.web.servlet.FrameworkServlet.service(FrameworkServlet.java:846)
	at javax.servlet.http.HttpServlet.service(HttpServlet.java:741)
	at org.apache.catalina.core.ApplicationFilterChain.internalDoFilter(ApplicationFilterChain.java:231)
	at org.apache.catalina.core.ApplicationFilterChain.doFilter(ApplicationFilterChain.java:166)
	at org.apache.tomcat.websocket.server.WsFilter.doFilter(WsFilter.java:52)
	at org.apache.catalina.core.ApplicationFilterChain.internalDoFilter(ApplicationFilterChain.java:193)
	at org.apache.catalina.core.ApplicationFilterChain.doFilter(ApplicationFilterChain.java:166)
	at org.springframework.security.web.FilterChainProxy$VirtualFilterChain.doFilter(FilterChainProxy.java:317)
	at org.springframework.security.web.access.intercept.FilterSecurityInterceptor.invoke(FilterSecurityInterceptor.java:127)
	at org.springframework.security.web.access.intercept.FilterSecurityInterceptor.doFilter(FilterSecurityInterceptor.java:91)
	at org.springframework.security.web.FilterChainProxy$VirtualFilterChain.doFilter(FilterChainProxy.java:331)
	at org.springframework.security.web.access.ExceptionTranslationFilter.doFilter(ExceptionTranslationFilter.java:115)
	at org.springframework.security.web.FilterChainProxy$VirtualFilterChain.doFilter(FilterChainProxy.java:331)
	at org.springframework.security.web.session.SessionManagementFilter.doFilter(SessionManagementFilter.java:137)
	at org.springframework.security.web.FilterChainProxy$VirtualFilterChain.doFilter(FilterChainProxy.java:331)
	at org.springframework.security.web.authentication.AnonymousAuthenticationFilter.doFilter(AnonymousAuthenticationFilter.java:111)
	at org.springframework.security.web.FilterChainProxy$VirtualFilterChain.doFilter(FilterChainProxy.java:331)
	at org.springframework.security.web.servletapi.SecurityContextHolderAwareRequestFilter.doFilter(SecurityContextHolderAwareRequestFilter.java:169)
	at org.springframework.security.web.FilterChainProxy$VirtualFilterChain.doFilter(FilterChainProxy.java:331)
	at org.springframework.security.web.savedrequest.RequestCacheAwareFilter.doFilter(RequestCacheAwareFilter.java:63)
	at org.springframework.security.web.FilterChainProxy$VirtualFilterChain.doFilter(FilterChainProxy.java:331)
	at org.springframework.security.web.authentication.AbstractAuthenticationProcessingFilter.doFilter(AbstractAuthenticationProcessingFilter.java:200)
	at org.springframework.security.web.FilterChainProxy$VirtualFilterChain.doFilter(FilterChainProxy.java:331)
	at org.springframework.security.web.authentication.logout.LogoutFilter.doFilter(LogoutFilter.java:121)
	at org.springframework.security.web.FilterChainProxy$VirtualFilterChain.doFilter(FilterChainProxy.java:331)
	at org.springframework.security.web.header.HeaderWriterFilter.doFilterInternal(HeaderWriterFilter.java:66)
	at org.springframework.web.filter.OncePerRequestFilter.doFilter(OncePerRequestFilter.java:107)
	at org.springframework.security.web.FilterChainProxy$VirtualFilterChain.doFilter(FilterChainProxy.java:331)
	at org.springframework.security.web.context.SecurityContextPersistenceFilter.doFilter(SecurityContextPersistenceFilter.java:105)
	at org.springframework.security.web.FilterChainProxy$VirtualFilterChain.doFilter(FilterChainProxy.java:331)
	at org.springframework.security.web.context.request.async.WebAsyncManagerIntegrationFilter.doFilterInternal(WebAsyncManagerIntegrationFilter.java:56)
	at org.springframework.web.filter.OncePerRequestFilter.doFilter(OncePerRequestFilter.java:107)
	at org.springframework.security.web.FilterChainProxy$VirtualFilterChain.doFilter(FilterChainProxy.java:331)
	at org.springframework.security.web.FilterChainProxy.doFilterInternal(FilterChainProxy.java:214)
	at org.springframework.security.web.FilterChainProxy.doFilter(FilterChainProxy.java:177)
	at org.springframework.web.filter.DelegatingFilterProxy.invokeDelegate(DelegatingFilterProxy.java:347)
	at org.springframework.web.filter.DelegatingFilterProxy.doFilter(DelegatingFilterProxy.java:263)
	at org.apache.catalina.core.ApplicationFilterChain.internalDoFilter(ApplicationFilterChain.java:193)
	at org.apache.catalina.core.ApplicationFilterChain.doFilter(ApplicationFilterChain.java:166)
	at org.apache.catalina.core.StandardWrapperValve.invoke(StandardWrapperValve.java:199)
	at org.apache.catalina.core.StandardContextValve.invoke(StandardContextValve.java:96)
	at org.apache.catalina.authenticator.AuthenticatorBase.invoke(AuthenticatorBase.java:543)
	at org.apache.catalina.core.StandardHostValve.invoke(StandardHostValve.java:139)
	at org.apache.catalina.valves.ErrorReportValve.invoke(ErrorReportValve.java:81)
	at org.apache.catalina.valves.AbstractAccessLogValve.invoke(AbstractAccessLogValve.java:690)
	at org.apache.catalina.core.StandardEngineValve.invoke(StandardEngineValve.java:87)
	at org.apache.catalina.connector.CoyoteAdapter.service(CoyoteAdapter.java:343)
	at org.apache.coyote.http11.Http11Processor.service(Http11Processor.java:615)
	at org.apache.coyote.AbstractProcessorLight.process(AbstractProcessorLight.java:65)
	at org.apache.coyote.AbstractProtocol$ConnectionHandler.process(AbstractProtocol.java:818)
	at org.apache.tomcat.util.net.NioEndpoint$SocketProcessor.doRun(NioEndpoint.java:1627)
	at org.apache.tomcat.util.net.SocketProcessorBase.run(SocketProcessorBase.java:49)
	at java.util.concurrent.ThreadPoolExecutor.runWorker(ThreadPoolExecutor.java:1149)
	at java.util.concurrent.ThreadPoolExecutor$Worker.run(ThreadPoolExecutor.java:624)
	at org.apache.tomcat.util.threads.TaskThread$WrappingRunnable.run(TaskThread.java:61)
	at java.lang.Thread.run(Thread.java:748)
Caused by: org.springframework.expression.spel.SpelEvaluationException: EL1007E: Property or field 'doorNo' cannot be found on null
	at org.springframework.expression.spel.ast.PropertyOrFieldReference.readProperty(PropertyOrFieldReference.java:225)
	at org.springframework.expression.spel.ast.PropertyOrFieldReference.getValueInternal(PropertyOrFieldReference.java:97)
	at org.springframework.expression.spel.ast.PropertyOrFieldReference.access$000(PropertyOrFieldReference.java:47)
	at org.springframework.expression.spel.ast.PropertyOrFieldReference$AccessorLValue.getValue(PropertyOrFieldReference.java:414)
	at org.springframework.expression.spel.ast.CompoundExpression.getValueInternal(CompoundExpression.java:89)
	at org.springframework.expression.spel.standard.SpelExpression.getValueType(SpelExpression.java:373)
	at org.springframework.binding.expression.spel.SpringELExpression.getValueType(SpringELExpression.java:100)
	... 101 more
2020-07-26 11:31:38 INFO  ContextLoader:304 -Root WebApplicationContext: initialization started
2020-07-26 11:31:38 INFO  AnnotationConfigWebApplicationContext:583 -Refreshing Root WebApplicationContext: startup date [Sun Jul 26 11:31:38 EAT 2020]; root of context hierarchy
2020-07-26 11:31:38 INFO  AnnotationConfigWebApplicationContext:208 -Registering annotated classes: [class com.packt.webstore.config.RootApplicationContextConfig]
2020-07-26 11:31:39 INFO  EmbeddedDatabaseFactory:185 -Starting embedded database: url='jdbc:hsqldb:mem:testdb', username='sa'
2020-07-26 11:31:40 INFO  ScriptUtils:443 -Executing SQL script from class path resource [db/sql/create-table.sql]
2020-07-26 11:31:40 INFO  ScriptUtils:509 -Executed SQL script from class path resource [db/sql/create-table.sql] in 9 ms.
2020-07-26 11:31:40 INFO  ScriptUtils:443 -Executing SQL script from class path resource [db/sql/insert-data.sql]
2020-07-26 11:31:40 INFO  ScriptUtils:509 -Executed SQL script from class path resource [db/sql/insert-data.sql] in 2 ms.
2020-07-26 11:31:40 INFO  Version:30 -HV000001: Hibernate Validator 5.2.4.Final
2020-07-26 11:31:41 INFO  DefaultSecurityFilterChain:43 -Creating filter chain: org.springframework.security.web.util.matcher.AnyRequestMatcher@1, [org.springframework.security.web.context.request.async.WebAsyncManagerIntegrationFilter@760f0629, org.springframework.security.web.context.SecurityContextPersistenceFilter@61f2c7a6, org.springframework.security.web.header.HeaderWriterFilter@2f835eeb, org.springframework.security.web.authentication.logout.LogoutFilter@6038e070, org.springframework.security.web.authentication.UsernamePasswordAuthenticationFilter@6c42c4d6, org.springframework.security.web.savedrequest.RequestCacheAwareFilter@5f7c682a, org.springframework.security.web.servletapi.SecurityContextHolderAwareRequestFilter@43f60759, org.springframework.security.web.authentication.AnonymousAuthenticationFilter@45946e8e, org.springframework.security.web.session.SessionManagementFilter@66057ed1, org.springframework.security.web.access.ExceptionTranslationFilter@3ba0c6ca, org.springframework.security.web.access.intercept.FilterSecurityInterceptor@1df91af7]
2020-07-26 11:31:41 INFO  RequestMappingHandlerMapping:544 -Mapped "{[/cart/{cartId}],methods=[GET]}" onto public java.lang.String com.packt.webstore.controller.CartController.getCart(java.lang.String,org.springframework.ui.Model)
2020-07-26 11:31:41 INFO  RequestMappingHandlerMapping:544 -Mapped "{[/cart]}" onto public java.lang.String com.packt.webstore.controller.CartController.get(javax.servlet.http.HttpServletRequest)
2020-07-26 11:31:41 INFO  RequestMappingHandlerMapping:544 -Mapped "{[/rest/cart/remove/{productId}],methods=[PUT]}" onto public void com.packt.webstore.controller.CartRestController.removeItem(java.lang.String,javax.servlet.http.HttpSession)
2020-07-26 11:31:41 INFO  RequestMappingHandlerMapping:544 -Mapped "{[/rest/cart/add/{productId}],methods=[PUT]}" onto public void com.packt.webstore.controller.CartRestController.addItem(java.lang.String,javax.servlet.http.HttpSession)
2020-07-26 11:31:41 INFO  RequestMappingHandlerMapping:544 -Mapped "{[/rest/cart/{cartId}],methods=[PUT]}" onto public void com.packt.webstore.controller.CartRestController.update(java.lang.String,com.packt.webstore.dto.CartDto)
2020-07-26 11:31:41 INFO  RequestMappingHandlerMapping:544 -Mapped "{[/rest/cart/{cartId}],methods=[GET]}" onto public com.packt.webstore.domain.Cart com.packt.webstore.controller.CartRestController.read(java.lang.String)
2020-07-26 11:31:41 INFO  RequestMappingHandlerMapping:544 -Mapped "{[/rest/cart/{cartId}],methods=[DELETE]}" onto public void com.packt.webstore.controller.CartRestController.delete(java.lang.String)
2020-07-26 11:31:41 INFO  RequestMappingHandlerMapping:544 -Mapped "{[/rest/cart],methods=[POST]}" onto public void com.packt.webstore.controller.CartRestController.create(com.packt.webstore.dto.CartDto)
2020-07-26 11:31:41 INFO  RequestMappingHandlerMapping:544 -Mapped "{[/customers]}" onto public java.lang.String com.packt.webstore.controller.CustomerController.getAllCustomers(org.springframework.ui.Model)
2020-07-26 11:31:41 INFO  RequestMappingHandlerMapping:544 -Mapped "{[/customers/add],methods=[GET]}" onto public java.lang.String com.packt.webstore.controller.CustomerController.getAddCustomerForm(com.packt.webstore.Domain.Customer)
2020-07-26 11:31:41 INFO  RequestMappingHandlerMapping:544 -Mapped "{[/customers/add]}" onto public java.lang.String com.packt.webstore.controller.CustomerController.processAddCustomerForm(com.packt.webstore.Domain.Customer)
2020-07-26 11:31:41 INFO  RequestMappingHandlerMapping:544 -Mapped "{[/welcome/greeting]}" onto public java.lang.String com.packt.webstore.controller.HomeController.greeting()
2020-07-26 11:31:41 INFO  RequestMappingHandlerMapping:544 -Mapped "{[/]}" onto public java.lang.String com.packt.webstore.controller.HomeController.Welcome(org.springframework.ui.Model)
2020-07-26 11:31:41 INFO  RequestMappingHandlerMapping:544 -Mapped "{[/login],methods=[GET]}" onto public java.lang.String com.packt.webstore.controller.LoginController.login()
2020-07-26 11:31:41 INFO  RequestMappingHandlerMapping:544 -Mapped "{[/market/products/invalidPromoCode]}" onto public java.lang.String com.packt.webstore.controller.ProductController.invalidPromoCode()
2020-07-26 11:31:41 INFO  RequestMappingHandlerMapping:544 -Mapped "{[/market/update/stock]}" onto public java.lang.String com.packt.webstore.controller.ProductController.updateStock(org.springframework.ui.Model)
2020-07-26 11:31:41 INFO  RequestMappingHandlerMapping:544 -Mapped "{[/market/products/{category}]}" onto public java.lang.String com.packt.webstore.controller.ProductController.getProductsByCategory(org.springframework.ui.Model,java.lang.String)
2020-07-26 11:31:41 INFO  RequestMappingHandlerMapping:544 -Mapped "{[/market/products/filter/{params}]}" onto public java.lang.String com.packt.webstore.controller.ProductController.getProductsByFilter(java.util.Map<java.lang.String, java.util.List<java.lang.String>>,org.springframework.ui.Model)
2020-07-26 11:31:41 INFO  RequestMappingHandlerMapping:544 -Mapped "{[/market/product]}" onto public java.lang.String com.packt.webstore.controller.ProductController.getProductById(java.lang.String,org.springframework.ui.Model)
2020-07-26 11:31:41 INFO  RequestMappingHandlerMapping:544 -Mapped "{[/market/products/add],methods=[GET]}" onto public java.lang.String com.packt.webstore.controller.ProductController.getAddNewProductForm(org.springframework.ui.Model)
2020-07-26 11:31:41 INFO  RequestMappingHandlerMapping:544 -Mapped "{[/market/products/add],methods=[POST]}" onto public java.lang.String com.packt.webstore.controller.ProductController.processAddNewProductForm(com.packt.webstore.domain.Product,org.springframework.validation.BindingResult,javax.servlet.http.HttpServletRequest)
2020-07-26 11:31:41 INFO  RequestMappingHandlerMapping:544 -Mapped "{[/market/products]}" onto public java.lang.String com.packt.webstore.controller.ProductController.list(org.springframework.ui.Model)
2020-07-26 11:31:41 INFO  SimpleUrlHandlerMapping:364 -Mapped URL path [/assets/**] onto handler of type [class org.springframework.web.servlet.resource.ResourceHttpRequestHandler]
2020-07-26 11:31:41 INFO  SimpleUrlHandlerMapping:364 -Mapped URL path [/**] onto handler of type [class org.springframework.web.servlet.resource.DefaultServletHttpRequestHandler]
2020-07-26 11:31:42 INFO  RequestMappingHandlerAdapter:557 -Looking for @ControllerAdvice: Root WebApplicationContext: startup date [Sun Jul 26 11:31:38 EAT 2020]; root of context hierarchy
2020-07-26 11:31:42 INFO  ContextLoader:344 -Root WebApplicationContext: initialization completed in 4619 ms
2020-07-26 11:31:42 INFO  DispatcherServlet:489 -FrameworkServlet 'dispatcher': initialization started
2020-07-26 11:31:42 INFO  AnnotationConfigWebApplicationContext:583 -Refreshing WebApplicationContext for namespace 'dispatcher-servlet': startup date [Sun Jul 26 11:31:42 EAT 2020]; parent: Root WebApplicationContext
2020-07-26 11:31:42 INFO  AnnotationConfigWebApplicationContext:208 -Registering annotated classes: [class com.packt.webstore.config.WebApplicationContextConfig]
2020-07-26 11:31:43 INFO  EmbeddedDatabaseFactory:185 -Starting embedded database: url='jdbc:hsqldb:mem:testdb', username='sa'
2020-07-26 11:31:43 INFO  ScriptUtils:443 -Executing SQL script from class path resource [db/sql/create-table.sql]
2020-07-26 11:31:43 INFO  ScriptUtils:509 -Executed SQL script from class path resource [db/sql/create-table.sql] in 5 ms.
2020-07-26 11:31:43 INFO  ScriptUtils:443 -Executing SQL script from class path resource [db/sql/insert-data.sql]
2020-07-26 11:31:43 INFO  ScriptUtils:509 -Executed SQL script from class path resource [db/sql/insert-data.sql] in 1 ms.
2020-07-26 11:31:43 INFO  DefaultSecurityFilterChain:43 -Creating filter chain: org.springframework.security.web.util.matcher.AnyRequestMatcher@1, [org.springframework.security.web.context.request.async.WebAsyncManagerIntegrationFilter@1a770f5, org.springframework.security.web.context.SecurityContextPersistenceFilter@70f45df0, org.springframework.security.web.header.HeaderWriterFilter@3d57617b, org.springframework.security.web.authentication.logout.LogoutFilter@608b03b5, org.springframework.security.web.authentication.UsernamePasswordAuthenticationFilter@32c2d989, org.springframework.security.web.savedrequest.RequestCacheAwareFilter@3fbc397f, org.springframework.security.web.servletapi.SecurityContextHolderAwareRequestFilter@39e6cb4a, org.springframework.security.web.authentication.AnonymousAuthenticationFilter@19d26b17, org.springframework.security.web.session.SessionManagementFilter@346dab28, org.springframework.security.web.access.ExceptionTranslationFilter@fe81dec, org.springframework.security.web.access.intercept.FilterSecurityInterceptor@69ab5bc4]
2020-07-26 11:31:43 INFO  RequestMappingHandlerMapping:544 -Mapped "{[/cart/{cartId}],methods=[GET]}" onto public java.lang.String com.packt.webstore.controller.CartController.getCart(java.lang.String,org.springframework.ui.Model)
2020-07-26 11:31:43 INFO  RequestMappingHandlerMapping:544 -Mapped "{[/cart]}" onto public java.lang.String com.packt.webstore.controller.CartController.get(javax.servlet.http.HttpServletRequest)
2020-07-26 11:31:43 INFO  RequestMappingHandlerMapping:544 -Mapped "{[/rest/cart/remove/{productId}],methods=[PUT]}" onto public void com.packt.webstore.controller.CartRestController.removeItem(java.lang.String,javax.servlet.http.HttpSession)
2020-07-26 11:31:43 INFO  RequestMappingHandlerMapping:544 -Mapped "{[/rest/cart/add/{productId}],methods=[PUT]}" onto public void com.packt.webstore.controller.CartRestController.addItem(java.lang.String,javax.servlet.http.HttpSession)
2020-07-26 11:31:43 INFO  RequestMappingHandlerMapping:544 -Mapped "{[/rest/cart/{cartId}],methods=[PUT]}" onto public void com.packt.webstore.controller.CartRestController.update(java.lang.String,com.packt.webstore.dto.CartDto)
2020-07-26 11:31:43 INFO  RequestMappingHandlerMapping:544 -Mapped "{[/rest/cart/{cartId}],methods=[GET]}" onto public com.packt.webstore.domain.Cart com.packt.webstore.controller.CartRestController.read(java.lang.String)
2020-07-26 11:31:43 INFO  RequestMappingHandlerMapping:544 -Mapped "{[/rest/cart/{cartId}],methods=[DELETE]}" onto public void com.packt.webstore.controller.CartRestController.delete(java.lang.String)
2020-07-26 11:31:43 INFO  RequestMappingHandlerMapping:544 -Mapped "{[/rest/cart],methods=[POST]}" onto public void com.packt.webstore.controller.CartRestController.create(com.packt.webstore.dto.CartDto)
2020-07-26 11:31:43 INFO  RequestMappingHandlerMapping:544 -Mapped "{[/customers]}" onto public java.lang.String com.packt.webstore.controller.CustomerController.getAllCustomers(org.springframework.ui.Model)
2020-07-26 11:31:43 INFO  RequestMappingHandlerMapping:544 -Mapped "{[/customers/add],methods=[GET]}" onto public java.lang.String com.packt.webstore.controller.CustomerController.getAddCustomerForm(com.packt.webstore.Domain.Customer)
2020-07-26 11:31:43 INFO  RequestMappingHandlerMapping:544 -Mapped "{[/customers/add]}" onto public java.lang.String com.packt.webstore.controller.CustomerController.processAddCustomerForm(com.packt.webstore.Domain.Customer)
2020-07-26 11:31:43 INFO  RequestMappingHandlerMapping:544 -Mapped "{[/welcome/greeting]}" onto public java.lang.String com.packt.webstore.controller.HomeController.greeting()
2020-07-26 11:31:43 INFO  RequestMappingHandlerMapping:544 -Mapped "{[/]}" onto public java.lang.String com.packt.webstore.controller.HomeController.Welcome(org.springframework.ui.Model)
2020-07-26 11:31:43 INFO  RequestMappingHandlerMapping:544 -Mapped "{[/login],methods=[GET]}" onto public java.lang.String com.packt.webstore.controller.LoginController.login()
2020-07-26 11:31:43 INFO  RequestMappingHandlerMapping:544 -Mapped "{[/market/products/invalidPromoCode]}" onto public java.lang.String com.packt.webstore.controller.ProductController.invalidPromoCode()
2020-07-26 11:31:43 INFO  RequestMappingHandlerMapping:544 -Mapped "{[/market/update/stock]}" onto public java.lang.String com.packt.webstore.controller.ProductController.updateStock(org.springframework.ui.Model)
2020-07-26 11:31:43 INFO  RequestMappingHandlerMapping:544 -Mapped "{[/market/products/{category}]}" onto public java.lang.String com.packt.webstore.controller.ProductController.getProductsByCategory(org.springframework.ui.Model,java.lang.String)
2020-07-26 11:31:43 INFO  RequestMappingHandlerMapping:544 -Mapped "{[/market/products/filter/{params}]}" onto public java.lang.String com.packt.webstore.controller.ProductController.getProductsByFilter(java.util.Map<java.lang.String, java.util.List<java.lang.String>>,org.springframework.ui.Model)
2020-07-26 11:31:43 INFO  RequestMappingHandlerMapping:544 -Mapped "{[/market/product]}" onto public java.lang.String com.packt.webstore.controller.ProductController.getProductById(java.lang.String,org.springframework.ui.Model)
2020-07-26 11:31:43 INFO  RequestMappingHandlerMapping:544 -Mapped "{[/market/products/add],methods=[GET]}" onto public java.lang.String com.packt.webstore.controller.ProductController.getAddNewProductForm(org.springframework.ui.Model)
2020-07-26 11:31:43 INFO  RequestMappingHandlerMapping:544 -Mapped "{[/market/products/add],methods=[POST]}" onto public java.lang.String com.packt.webstore.controller.ProductController.processAddNewProductForm(com.packt.webstore.domain.Product,org.springframework.validation.BindingResult,javax.servlet.http.HttpServletRequest)
2020-07-26 11:31:43 INFO  RequestMappingHandlerMapping:544 -Mapped "{[/market/products]}" onto public java.lang.String com.packt.webstore.controller.ProductController.list(org.springframework.ui.Model)
2020-07-26 11:31:43 INFO  SimpleUrlHandlerMapping:364 -Mapped URL path [/assets/**] onto handler of type [class org.springframework.web.servlet.resource.ResourceHttpRequestHandler]
2020-07-26 11:31:43 INFO  SimpleUrlHandlerMapping:364 -Mapped URL path [/**] onto handler of type [class org.springframework.web.servlet.resource.DefaultServletHttpRequestHandler]
2020-07-26 11:31:43 INFO  RequestMappingHandlerAdapter:557 -Looking for @ControllerAdvice: WebApplicationContext for namespace 'dispatcher-servlet': startup date [Sun Jul 26 11:31:42 EAT 2020]; parent: Root WebApplicationContext
2020-07-26 11:31:43 INFO  DispatcherServlet:508 -FrameworkServlet 'dispatcher': initialization completed in 690 ms
2020-07-26 11:31:44 INFO  ProcessingTimeLogInterceptor:28 -24 millisecond taken to process the request /webstore/.
2020-07-26 11:31:45 INFO  ProcessingTimeLogInterceptor:28 -0 millisecond taken to process the request /webstore/.
2020-07-26 11:32:16 INFO  ProcessingTimeLogInterceptor:28 -0 millisecond taken to process the request /webstore/login.
2020-07-28 19:39:09 INFO  AnnotationConfigWebApplicationContext:985 -Closing WebApplicationContext for namespace 'dispatcher-servlet': startup date [Sun Jul 26 11:31:42 EAT 2020]; parent: Root WebApplicationContext
2020-07-28 19:39:09 INFO  EmbeddedDatabaseFactory:216 -Shutting down embedded database: url='jdbc:hsqldb:mem:testdb'
2020-07-28 19:39:09 INFO  AnnotationConfigWebApplicationContext:985 -Closing Root WebApplicationContext: startup date [Sun Jul 26 11:31:38 EAT 2020]; root of context hierarchy
2020-07-28 19:39:09 INFO  EmbeddedDatabaseFactory:216 -Shutting down embedded database: url='jdbc:hsqldb:mem:testdb'
